ERROR - 2024-06-14 09:44:00 --> mysqli_sql_exception: Cannot delete or update a parent row: a foreign key constraint fails (`sigkab`.`sekolah`, CONSTRAINT `sekolah_ibfk_1` FOREIGN KEY (`kode_kecamatan`) REFERENCES `kecamatan` (`kode_kecamatan`)) in C:\xampp\htdocs\sigkab\system\Database\MySQLi\Connection.php:308
Stack trace:
#0 C:\xampp\htdocs\sigkab\system\Database\MySQLi\Connection.php(308): mysqli->query('UPDATE `kecamat...', 0)
#1 C:\xampp\htdocs\sigkab\system\Database\BaseConnection.php(722): CodeIgniter\Database\MySQLi\Connection->execute('UPDATE `kecamat...')
#2 C:\xampp\htdocs\sigkab\system\Database\BaseConnection.php(636): CodeIgniter\Database\BaseConnection->simpleQuery('UPDATE `kecamat...')
#3 C:\xampp\htdocs\sigkab\system\Database\BaseBuilder.php(2497): CodeIgniter\Database\BaseConnection->query('UPDATE `kecamat...', Array, false)
#4 C:\xampp\htdocs\sigkab\system\Model.php(450): CodeIgniter\Database\BaseBuilder->update()
#5 C:\xampp\htdocs\sigkab\system\BaseModel.php(1028): CodeIgniter\Model->doUpdate(Array, Array)
#6 C:\xampp\htdocs\sigkab\system\Model.php(854): CodeIgniter\BaseModel->update(Array, Array)
#7 C:\xampp\htdocs\sigkab\app\Controllers\Kecamatan.php(96): CodeIgniter\Model->update('30200', Array)
#8 C:\xampp\htdocs\sigkab\system\CodeIgniter.php(933): App\Controllers\Kecamatan->update()
#9 C:\xampp\htdocs\sigkab\system\CodeIgniter.php(509): CodeIgniter\CodeIgniter->runController(Object(App\Controllers\Kecamatan))
#10 C:\xampp\htdocs\sigkab\system\CodeIgniter.php(355): CodeIgniter\CodeIgniter->handleRequest(NULL, Object(Config\Cache), false)
#11 C:\xampp\htdocs\sigkab\system\Boot.php(312): CodeIgniter\CodeIgniter->run()
#12 C:\xampp\htdocs\sigkab\system\Boot.php(67): CodeIgniter\Boot::runCodeIgniter(Object(CodeIgniter\CodeIgniter))
#13 C:\xampp\htdocs\sigkab\index.php(56): CodeIgniter\Boot::bootWeb(Object(Config\Paths))
#14 {main}
CRITICAL - 2024-06-14 09:44:00 --> CodeIgniter\Database\Exceptions\DatabaseException: Cannot delete or update a parent row: a foreign key constraint fails (`sigkab`.`sekolah`, CONSTRAINT `sekolah_ibfk_1` FOREIGN KEY (`kode_kecamatan`) REFERENCES `kecamatan` (`kode_kecamatan`))
[Method: POST, Route: updatekecamatan]
in SYSTEMPATH\Database\BaseConnection.php on line 676.
 1 SYSTEMPATH\Database\BaseBuilder.php(2497): CodeIgniter\Database\BaseConnection->query('UPDATE `kecamatan` SET `kode_kecamatan` = :kode_kecamatan:, `id_kabupaten` = :id_kabupaten:, `nama_kecamatan` = :nama_kecamatan:, `jumlah_penduduk` = :jumlah_penduduk:, `luas_wilayah` = :luas_wilayah:
WHERE `kecamatan`.`kode_kecamatan` IN :kecamatan.kode_kecamatan:', [...], false)
 2 SYSTEMPATH\Model.php(450): CodeIgniter\Database\BaseBuilder->update()
 3 SYSTEMPATH\BaseModel.php(1028): CodeIgniter\Model->doUpdate([...], [...])
 4 SYSTEMPATH\Model.php(854): CodeIgniter\BaseModel->update([...], [...])
 5 APPPATH\Controllers\Kecamatan.php(96): CodeIgniter\Model->update('30200', [...])
 6 SYSTEMPATH\CodeIgniter.php(933): App\Controllers\Kecamatan->update()
 7 SYSTEMPATH\CodeIgniter.php(509): CodeIgniter\CodeIgniter->runController(Object(App\Controllers\Kecamatan))
 8 SYSTEMPATH\CodeIgniter.php(355): CodeIgniter\CodeIgniter->handleRequest(null, Object(Config\Cache), false)
 9 SYSTEMPATH\Boot.php(312): CodeIgniter\CodeIgniter->run()
10 SYSTEMPATH\Boot.php(67): CodeIgniter\Boot::runCodeIgniter(Object(CodeIgniter\CodeIgniter))
11 FCPATH\index.php(56): CodeIgniter\Boot::bootWeb(Object(Config\Paths))
CRITICAL - 2024-06-14 09:44:00 --> [Caused by] CodeIgniter\Database\Exceptions\DatabaseException: Cannot delete or update a parent row: a foreign key constraint fails (`sigkab`.`sekolah`, CONSTRAINT `sekolah_ibfk_1` FOREIGN KEY (`kode_kecamatan`) REFERENCES `kecamatan` (`kode_kecamatan`))
in SYSTEMPATH\Database\MySQLi\Connection.php on line 313.
 1 SYSTEMPATH\Database\BaseConnection.php(722): CodeIgniter\Database\MySQLi\Connection->execute('UPDATE `kecamatan` SET `kode_kecamatan` = \'30201\', `id_kabupaten` = \'1\', `nama_kecamatan` = \'LUMBIR\', `jumlah_penduduk` = \'50546\', `luas_wilayah` = \'10266.00\'
WHERE `kecamatan`.`kode_kecamatan` IN (\'30200\')')
 2 SYSTEMPATH\Database\BaseConnection.php(636): CodeIgniter\Database\BaseConnection->simpleQuery('UPDATE `kecamatan` SET `kode_kecamatan` = \'30201\', `id_kabupaten` = \'1\', `nama_kecamatan` = \'LUMBIR\', `jumlah_penduduk` = \'50546\', `luas_wilayah` = \'10266.00\'
WHERE `kecamatan`.`kode_kecamatan` IN (\'30200\')')
 3 SYSTEMPATH\Database\BaseBuilder.php(2497): CodeIgniter\Database\BaseConnection->query('UPDATE `kecamatan` SET `kode_kecamatan` = :kode_kecamatan:, `id_kabupaten` = :id_kabupaten:, `nama_kecamatan` = :nama_kecamatan:, `jumlah_penduduk` = :jumlah_penduduk:, `luas_wilayah` = :luas_wilayah:
WHERE `kecamatan`.`kode_kecamatan` IN :kecamatan.kode_kecamatan:', [...], false)
 4 SYSTEMPATH\Model.php(450): CodeIgniter\Database\BaseBuilder->update()
 5 SYSTEMPATH\BaseModel.php(1028): CodeIgniter\Model->doUpdate([...], [...])
 6 SYSTEMPATH\Model.php(854): CodeIgniter\BaseModel->update([...], [...])
 7 APPPATH\Controllers\Kecamatan.php(96): CodeIgniter\Model->update('30200', [...])
 8 SYSTEMPATH\CodeIgniter.php(933): App\Controllers\Kecamatan->update()
 9 SYSTEMPATH\CodeIgniter.php(509): CodeIgniter\CodeIgniter->runController(Object(App\Controllers\Kecamatan))
10 SYSTEMPATH\CodeIgniter.php(355): CodeIgniter\CodeIgniter->handleRequest(null, Object(Config\Cache), false)
11 SYSTEMPATH\Boot.php(312): CodeIgniter\CodeIgniter->run()
12 SYSTEMPATH\Boot.php(67): CodeIgniter\Boot::runCodeIgniter(Object(CodeIgniter\CodeIgniter))
13 FCPATH\index.php(56): CodeIgniter\Boot::bootWeb(Object(Config\Paths))
CRITICAL - 2024-06-14 09:44:00 --> [Caused by] mysqli_sql_exception: Cannot delete or update a parent row: a foreign key constraint fails (`sigkab`.`sekolah`, CONSTRAINT `sekolah_ibfk_1` FOREIGN KEY (`kode_kecamatan`) REFERENCES `kecamatan` (`kode_kecamatan`))
in SYSTEMPATH\Database\MySQLi\Connection.php on line 308.
 1 SYSTEMPATH\Database\MySQLi\Connection.php(308): mysqli->query('UPDATE `kecamatan` SET `kode_kecamatan` = \'30201\', `id_kabupaten` = \'1\', `nama_kecamatan` = \'LUMBIR\', `jumlah_penduduk` = \'50546\', `luas_wilayah` = \'10266.00\'
WHERE `kecamatan`.`kode_kecamatan` IN (\'30200\')', 0)
 2 SYSTEMPATH\Database\BaseConnection.php(722): CodeIgniter\Database\MySQLi\Connection->execute('UPDATE `kecamatan` SET `kode_kecamatan` = \'30201\', `id_kabupaten` = \'1\', `nama_kecamatan` = \'LUMBIR\', `jumlah_penduduk` = \'50546\', `luas_wilayah` = \'10266.00\'
WHERE `kecamatan`.`kode_kecamatan` IN (\'30200\')')
 3 SYSTEMPATH\Database\BaseConnection.php(636): CodeIgniter\Database\BaseConnection->simpleQuery('UPDATE `kecamatan` SET `kode_kecamatan` = \'30201\', `id_kabupaten` = \'1\', `nama_kecamatan` = \'LUMBIR\', `jumlah_penduduk` = \'50546\', `luas_wilayah` = \'10266.00\'
WHERE `kecamatan`.`kode_kecamatan` IN (\'30200\')')
 4 SYSTEMPATH\Database\BaseBuilder.php(2497): CodeIgniter\Database\BaseConnection->query('UPDATE `kecamatan` SET `kode_kecamatan` = :kode_kecamatan:, `id_kabupaten` = :id_kabupaten:, `nama_kecamatan` = :nama_kecamatan:, `jumlah_penduduk` = :jumlah_penduduk:, `luas_wilayah` = :luas_wilayah:
WHERE `kecamatan`.`kode_kecamatan` IN :kecamatan.kode_kecamatan:', [...], false)
 5 SYSTEMPATH\Model.php(450): CodeIgniter\Database\BaseBuilder->update()
 6 SYSTEMPATH\BaseModel.php(1028): CodeIgniter\Model->doUpdate([...], [...])
 7 SYSTEMPATH\Model.php(854): CodeIgniter\BaseModel->update([...], [...])
 8 APPPATH\Controllers\Kecamatan.php(96): CodeIgniter\Model->update('30200', [...])
 9 SYSTEMPATH\CodeIgniter.php(933): App\Controllers\Kecamatan->update()
10 SYSTEMPATH\CodeIgniter.php(509): CodeIgniter\CodeIgniter->runController(Object(App\Controllers\Kecamatan))
11 SYSTEMPATH\CodeIgniter.php(355): CodeIgniter\CodeIgniter->handleRequest(null, Object(Config\Cache), false)
12 SYSTEMPATH\Boot.php(312): CodeIgniter\CodeIgniter->run()
13 SYSTEMPATH\Boot.php(67): CodeIgniter\Boot::runCodeIgniter(Object(CodeIgniter\CodeIgniter))
14 FCPATH\index.php(56): CodeIgniter\Boot::bootWeb(Object(Config\Paths))
ERROR - 2024-06-14 09:51:14 --> mysqli_sql_exception: Cannot delete or update a parent row: a foreign key constraint fails (`sigkab`.`sekolah`, CONSTRAINT `sekolah_ibfk_1` FOREIGN KEY (`kode_kecamatan`) REFERENCES `kecamatan` (`kode_kecamatan`)) in C:\xampp\htdocs\sigkab\system\Database\MySQLi\Connection.php:308
Stack trace:
#0 C:\xampp\htdocs\sigkab\system\Database\MySQLi\Connection.php(308): mysqli->query('UPDATE `kecamat...', 0)
#1 C:\xampp\htdocs\sigkab\system\Database\BaseConnection.php(722): CodeIgniter\Database\MySQLi\Connection->execute('UPDATE `kecamat...')
#2 C:\xampp\htdocs\sigkab\system\Database\BaseConnection.php(636): CodeIgniter\Database\BaseConnection->simpleQuery('UPDATE `kecamat...')
#3 C:\xampp\htdocs\sigkab\system\Database\BaseBuilder.php(2497): CodeIgniter\Database\BaseConnection->query('UPDATE `kecamat...', Array, false)
#4 C:\xampp\htdocs\sigkab\system\Model.php(450): CodeIgniter\Database\BaseBuilder->update()
#5 C:\xampp\htdocs\sigkab\system\BaseModel.php(1028): CodeIgniter\Model->doUpdate(Array, Array)
#6 C:\xampp\htdocs\sigkab\system\Model.php(854): CodeIgniter\BaseModel->update(Array, Array)
#7 C:\xampp\htdocs\sigkab\app\Controllers\Kecamatan.php(96): CodeIgniter\Model->update('30200', Array)
#8 C:\xampp\htdocs\sigkab\system\CodeIgniter.php(933): App\Controllers\Kecamatan->update()
#9 C:\xampp\htdocs\sigkab\system\CodeIgniter.php(509): CodeIgniter\CodeIgniter->runController(Object(App\Controllers\Kecamatan))
#10 C:\xampp\htdocs\sigkab\system\CodeIgniter.php(355): CodeIgniter\CodeIgniter->handleRequest(NULL, Object(Config\Cache), false)
#11 C:\xampp\htdocs\sigkab\system\Boot.php(312): CodeIgniter\CodeIgniter->run()
#12 C:\xampp\htdocs\sigkab\system\Boot.php(67): CodeIgniter\Boot::runCodeIgniter(Object(CodeIgniter\CodeIgniter))
#13 C:\xampp\htdocs\sigkab\index.php(56): CodeIgniter\Boot::bootWeb(Object(Config\Paths))
#14 {main}
CRITICAL - 2024-06-14 09:51:14 --> CodeIgniter\Database\Exceptions\DatabaseException: Cannot delete or update a parent row: a foreign key constraint fails (`sigkab`.`sekolah`, CONSTRAINT `sekolah_ibfk_1` FOREIGN KEY (`kode_kecamatan`) REFERENCES `kecamatan` (`kode_kecamatan`))
[Method: POST, Route: updatekecamatan]
in SYSTEMPATH\Database\BaseConnection.php on line 676.
 1 SYSTEMPATH\Database\BaseBuilder.php(2497): CodeIgniter\Database\BaseConnection->query('UPDATE `kecamatan` SET `kode_kecamatan` = :kode_kecamatan:, `id_kabupaten` = :id_kabupaten:, `nama_kecamatan` = :nama_kecamatan:, `jumlah_penduduk` = :jumlah_penduduk:, `luas_wilayah` = :luas_wilayah:
WHERE `kecamatan`.`kode_kecamatan` IN :kecamatan.kode_kecamatan:', [...], false)
 2 SYSTEMPATH\Model.php(450): CodeIgniter\Database\BaseBuilder->update()
 3 SYSTEMPATH\BaseModel.php(1028): CodeIgniter\Model->doUpdate([...], [...])
 4 SYSTEMPATH\Model.php(854): CodeIgniter\BaseModel->update([...], [...])
 5 APPPATH\Controllers\Kecamatan.php(96): CodeIgniter\Model->update('30200', [...])
 6 SYSTEMPATH\CodeIgniter.php(933): App\Controllers\Kecamatan->update()
 7 SYSTEMPATH\CodeIgniter.php(509): CodeIgniter\CodeIgniter->runController(Object(App\Controllers\Kecamatan))
 8 SYSTEMPATH\CodeIgniter.php(355): CodeIgniter\CodeIgniter->handleRequest(null, Object(Config\Cache), false)
 9 SYSTEMPATH\Boot.php(312): CodeIgniter\CodeIgniter->run()
10 SYSTEMPATH\Boot.php(67): CodeIgniter\Boot::runCodeIgniter(Object(CodeIgniter\CodeIgniter))
11 FCPATH\index.php(56): CodeIgniter\Boot::bootWeb(Object(Config\Paths))
CRITICAL - 2024-06-14 09:51:14 --> [Caused by] CodeIgniter\Database\Exceptions\DatabaseException: Cannot delete or update a parent row: a foreign key constraint fails (`sigkab`.`sekolah`, CONSTRAINT `sekolah_ibfk_1` FOREIGN KEY (`kode_kecamatan`) REFERENCES `kecamatan` (`kode_kecamatan`))
in SYSTEMPATH\Database\MySQLi\Connection.php on line 313.
 1 SYSTEMPATH\Database\BaseConnection.php(722): CodeIgniter\Database\MySQLi\Connection->execute('UPDATE `kecamatan` SET `kode_kecamatan` = \'30201\', `id_kabupaten` = \'1\', `nama_kecamatan` = \'LUMBIR\', `jumlah_penduduk` = \'50546\', `luas_wilayah` = \'10266.00\'
WHERE `kecamatan`.`kode_kecamatan` IN (\'30200\')')
 2 SYSTEMPATH\Database\BaseConnection.php(636): CodeIgniter\Database\BaseConnection->simpleQuery('UPDATE `kecamatan` SET `kode_kecamatan` = \'30201\', `id_kabupaten` = \'1\', `nama_kecamatan` = \'LUMBIR\', `jumlah_penduduk` = \'50546\', `luas_wilayah` = \'10266.00\'
WHERE `kecamatan`.`kode_kecamatan` IN (\'30200\')')
 3 SYSTEMPATH\Database\BaseBuilder.php(2497): CodeIgniter\Database\BaseConnection->query('UPDATE `kecamatan` SET `kode_kecamatan` = :kode_kecamatan:, `id_kabupaten` = :id_kabupaten:, `nama_kecamatan` = :nama_kecamatan:, `jumlah_penduduk` = :jumlah_penduduk:, `luas_wilayah` = :luas_wilayah:
WHERE `kecamatan`.`kode_kecamatan` IN :kecamatan.kode_kecamatan:', [...], false)
 4 SYSTEMPATH\Model.php(450): CodeIgniter\Database\BaseBuilder->update()
 5 SYSTEMPATH\BaseModel.php(1028): CodeIgniter\Model->doUpdate([...], [...])
 6 SYSTEMPATH\Model.php(854): CodeIgniter\BaseModel->update([...], [...])
 7 APPPATH\Controllers\Kecamatan.php(96): CodeIgniter\Model->update('30200', [...])
 8 SYSTEMPATH\CodeIgniter.php(933): App\Controllers\Kecamatan->update()
 9 SYSTEMPATH\CodeIgniter.php(509): CodeIgniter\CodeIgniter->runController(Object(App\Controllers\Kecamatan))
10 SYSTEMPATH\CodeIgniter.php(355): CodeIgniter\CodeIgniter->handleRequest(null, Object(Config\Cache), false)
11 SYSTEMPATH\Boot.php(312): CodeIgniter\CodeIgniter->run()
12 SYSTEMPATH\Boot.php(67): CodeIgniter\Boot::runCodeIgniter(Object(CodeIgniter\CodeIgniter))
13 FCPATH\index.php(56): CodeIgniter\Boot::bootWeb(Object(Config\Paths))
CRITICAL - 2024-06-14 09:51:14 --> [Caused by] mysqli_sql_exception: Cannot delete or update a parent row: a foreign key constraint fails (`sigkab`.`sekolah`, CONSTRAINT `sekolah_ibfk_1` FOREIGN KEY (`kode_kecamatan`) REFERENCES `kecamatan` (`kode_kecamatan`))
in SYSTEMPATH\Database\MySQLi\Connection.php on line 308.
 1 SYSTEMPATH\Database\MySQLi\Connection.php(308): mysqli->query('UPDATE `kecamatan` SET `kode_kecamatan` = \'30201\', `id_kabupaten` = \'1\', `nama_kecamatan` = \'LUMBIR\', `jumlah_penduduk` = \'50546\', `luas_wilayah` = \'10266.00\'
WHERE `kecamatan`.`kode_kecamatan` IN (\'30200\')', 0)
 2 SYSTEMPATH\Database\BaseConnection.php(722): CodeIgniter\Database\MySQLi\Connection->execute('UPDATE `kecamatan` SET `kode_kecamatan` = \'30201\', `id_kabupaten` = \'1\', `nama_kecamatan` = \'LUMBIR\', `jumlah_penduduk` = \'50546\', `luas_wilayah` = \'10266.00\'
WHERE `kecamatan`.`kode_kecamatan` IN (\'30200\')')
 3 SYSTEMPATH\Database\BaseConnection.php(636): CodeIgniter\Database\BaseConnection->simpleQuery('UPDATE `kecamatan` SET `kode_kecamatan` = \'30201\', `id_kabupaten` = \'1\', `nama_kecamatan` = \'LUMBIR\', `jumlah_penduduk` = \'50546\', `luas_wilayah` = \'10266.00\'
WHERE `kecamatan`.`kode_kecamatan` IN (\'30200\')')
 4 SYSTEMPATH\Database\BaseBuilder.php(2497): CodeIgniter\Database\BaseConnection->query('UPDATE `kecamatan` SET `kode_kecamatan` = :kode_kecamatan:, `id_kabupaten` = :id_kabupaten:, `nama_kecamatan` = :nama_kecamatan:, `jumlah_penduduk` = :jumlah_penduduk:, `luas_wilayah` = :luas_wilayah:
WHERE `kecamatan`.`kode_kecamatan` IN :kecamatan.kode_kecamatan:', [...], false)
 5 SYSTEMPATH\Model.php(450): CodeIgniter\Database\BaseBuilder->update()
 6 SYSTEMPATH\BaseModel.php(1028): CodeIgniter\Model->doUpdate([...], [...])
 7 SYSTEMPATH\Model.php(854): CodeIgniter\BaseModel->update([...], [...])
 8 APPPATH\Controllers\Kecamatan.php(96): CodeIgniter\Model->update('30200', [...])
 9 SYSTEMPATH\CodeIgniter.php(933): App\Controllers\Kecamatan->update()
10 SYSTEMPATH\CodeIgniter.php(509): CodeIgniter\CodeIgniter->runController(Object(App\Controllers\Kecamatan))
11 SYSTEMPATH\CodeIgniter.php(355): CodeIgniter\CodeIgniter->handleRequest(null, Object(Config\Cache), false)
12 SYSTEMPATH\Boot.php(312): CodeIgniter\CodeIgniter->run()
13 SYSTEMPATH\Boot.php(67): CodeIgniter\Boot::runCodeIgniter(Object(CodeIgniter\CodeIgniter))
14 FCPATH\index.php(56): CodeIgniter\Boot::bootWeb(Object(Config\Paths))
ERROR - 2024-06-14 11:50:17 --> mysqli_sql_exception: Cannot delete or update a parent row: a foreign key constraint fails (`sigkab`.`sekolah`, CONSTRAINT `sekolah_ibfk_1` FOREIGN KEY (`kode_kecamatan`) REFERENCES `kecamatan` (`kode_kecamatan`)) in C:\xampp\htdocs\sigkab\system\Database\MySQLi\Connection.php:308
Stack trace:
#0 C:\xampp\htdocs\sigkab\system\Database\MySQLi\Connection.php(308): mysqli->query('UPDATE `kecamat...', 0)
#1 C:\xampp\htdocs\sigkab\system\Database\BaseConnection.php(722): CodeIgniter\Database\MySQLi\Connection->execute('UPDATE `kecamat...')
#2 C:\xampp\htdocs\sigkab\system\Database\BaseConnection.php(636): CodeIgniter\Database\BaseConnection->simpleQuery('UPDATE `kecamat...')
#3 C:\xampp\htdocs\sigkab\system\Database\BaseBuilder.php(2497): CodeIgniter\Database\BaseConnection->query('UPDATE `kecamat...', Array, false)
#4 C:\xampp\htdocs\sigkab\system\Model.php(450): CodeIgniter\Database\BaseBuilder->update()
#5 C:\xampp\htdocs\sigkab\system\BaseModel.php(1028): CodeIgniter\Model->doUpdate(Array, Array)
#6 C:\xampp\htdocs\sigkab\system\Model.php(854): CodeIgniter\BaseModel->update(Array, Array)
#7 C:\xampp\htdocs\sigkab\app\Controllers\Kecamatan.php(96): CodeIgniter\Model->update('30200', Array)
#8 C:\xampp\htdocs\sigkab\system\CodeIgniter.php(933): App\Controllers\Kecamatan->update()
#9 C:\xampp\htdocs\sigkab\system\CodeIgniter.php(509): CodeIgniter\CodeIgniter->runController(Object(App\Controllers\Kecamatan))
#10 C:\xampp\htdocs\sigkab\system\CodeIgniter.php(355): CodeIgniter\CodeIgniter->handleRequest(NULL, Object(Config\Cache), false)
#11 C:\xampp\htdocs\sigkab\system\Boot.php(312): CodeIgniter\CodeIgniter->run()
#12 C:\xampp\htdocs\sigkab\system\Boot.php(67): CodeIgniter\Boot::runCodeIgniter(Object(CodeIgniter\CodeIgniter))
#13 C:\xampp\htdocs\sigkab\index.php(56): CodeIgniter\Boot::bootWeb(Object(Config\Paths))
#14 {main}
CRITICAL - 2024-06-14 11:50:17 --> CodeIgniter\Database\Exceptions\DatabaseException: Cannot delete or update a parent row: a foreign key constraint fails (`sigkab`.`sekolah`, CONSTRAINT `sekolah_ibfk_1` FOREIGN KEY (`kode_kecamatan`) REFERENCES `kecamatan` (`kode_kecamatan`))
[Method: POST, Route: updatekecamatan]
in SYSTEMPATH\Database\BaseConnection.php on line 676.
 1 SYSTEMPATH\Database\BaseBuilder.php(2497): CodeIgniter\Database\BaseConnection->query('UPDATE `kecamatan` SET `kode_kecamatan` = :kode_kecamatan:, `id_kabupaten` = :id_kabupaten:, `nama_kecamatan` = :nama_kecamatan:, `jumlah_penduduk` = :jumlah_penduduk:, `luas_wilayah` = :luas_wilayah:
WHERE `kecamatan`.`kode_kecamatan` IN :kecamatan.kode_kecamatan:', [...], false)
 2 SYSTEMPATH\Model.php(450): CodeIgniter\Database\BaseBuilder->update()
 3 SYSTEMPATH\BaseModel.php(1028): CodeIgniter\Model->doUpdate([...], [...])
 4 SYSTEMPATH\Model.php(854): CodeIgniter\BaseModel->update([...], [...])
 5 APPPATH\Controllers\Kecamatan.php(96): CodeIgniter\Model->update('30200', [...])
 6 SYSTEMPATH\CodeIgniter.php(933): App\Controllers\Kecamatan->update()
 7 SYSTEMPATH\CodeIgniter.php(509): CodeIgniter\CodeIgniter->runController(Object(App\Controllers\Kecamatan))
 8 SYSTEMPATH\CodeIgniter.php(355): CodeIgniter\CodeIgniter->handleRequest(null, Object(Config\Cache), false)
 9 SYSTEMPATH\Boot.php(312): CodeIgniter\CodeIgniter->run()
10 SYSTEMPATH\Boot.php(67): CodeIgniter\Boot::runCodeIgniter(Object(CodeIgniter\CodeIgniter))
11 FCPATH\index.php(56): CodeIgniter\Boot::bootWeb(Object(Config\Paths))
CRITICAL - 2024-06-14 11:50:17 --> [Caused by] CodeIgniter\Database\Exceptions\DatabaseException: Cannot delete or update a parent row: a foreign key constraint fails (`sigkab`.`sekolah`, CONSTRAINT `sekolah_ibfk_1` FOREIGN KEY (`kode_kecamatan`) REFERENCES `kecamatan` (`kode_kecamatan`))
in SYSTEMPATH\Database\MySQLi\Connection.php on line 313.
 1 SYSTEMPATH\Database\BaseConnection.php(722): CodeIgniter\Database\MySQLi\Connection->execute('UPDATE `kecamatan` SET `kode_kecamatan` = \'30201\', `id_kabupaten` = \'1\', `nama_kecamatan` = \'LUMBIR\', `jumlah_penduduk` = \'50546\', `luas_wilayah` = \'10266.00\'
WHERE `kecamatan`.`kode_kecamatan` IN (\'30200\')')
 2 SYSTEMPATH\Database\BaseConnection.php(636): CodeIgniter\Database\BaseConnection->simpleQuery('UPDATE `kecamatan` SET `kode_kecamatan` = \'30201\', `id_kabupaten` = \'1\', `nama_kecamatan` = \'LUMBIR\', `jumlah_penduduk` = \'50546\', `luas_wilayah` = \'10266.00\'
WHERE `kecamatan`.`kode_kecamatan` IN (\'30200\')')
 3 SYSTEMPATH\Database\BaseBuilder.php(2497): CodeIgniter\Database\BaseConnection->query('UPDATE `kecamatan` SET `kode_kecamatan` = :kode_kecamatan:, `id_kabupaten` = :id_kabupaten:, `nama_kecamatan` = :nama_kecamatan:, `jumlah_penduduk` = :jumlah_penduduk:, `luas_wilayah` = :luas_wilayah:
WHERE `kecamatan`.`kode_kecamatan` IN :kecamatan.kode_kecamatan:', [...], false)
 4 SYSTEMPATH\Model.php(450): CodeIgniter\Database\BaseBuilder->update()
 5 SYSTEMPATH\BaseModel.php(1028): CodeIgniter\Model->doUpdate([...], [...])
 6 SYSTEMPATH\Model.php(854): CodeIgniter\BaseModel->update([...], [...])
 7 APPPATH\Controllers\Kecamatan.php(96): CodeIgniter\Model->update('30200', [...])
 8 SYSTEMPATH\CodeIgniter.php(933): App\Controllers\Kecamatan->update()
 9 SYSTEMPATH\CodeIgniter.php(509): CodeIgniter\CodeIgniter->runController(Object(App\Controllers\Kecamatan))
10 SYSTEMPATH\CodeIgniter.php(355): CodeIgniter\CodeIgniter->handleRequest(null, Object(Config\Cache), false)
11 SYSTEMPATH\Boot.php(312): CodeIgniter\CodeIgniter->run()
12 SYSTEMPATH\Boot.php(67): CodeIgniter\Boot::runCodeIgniter(Object(CodeIgniter\CodeIgniter))
13 FCPATH\index.php(56): CodeIgniter\Boot::bootWeb(Object(Config\Paths))
CRITICAL - 2024-06-14 11:50:17 --> [Caused by] mysqli_sql_exception: Cannot delete or update a parent row: a foreign key constraint fails (`sigkab`.`sekolah`, CONSTRAINT `sekolah_ibfk_1` FOREIGN KEY (`kode_kecamatan`) REFERENCES `kecamatan` (`kode_kecamatan`))
in SYSTEMPATH\Database\MySQLi\Connection.php on line 308.
 1 SYSTEMPATH\Database\MySQLi\Connection.php(308): mysqli->query('UPDATE `kecamatan` SET `kode_kecamatan` = \'30201\', `id_kabupaten` = \'1\', `nama_kecamatan` = \'LUMBIR\', `jumlah_penduduk` = \'50546\', `luas_wilayah` = \'10266.00\'
WHERE `kecamatan`.`kode_kecamatan` IN (\'30200\')', 0)
 2 SYSTEMPATH\Database\BaseConnection.php(722): CodeIgniter\Database\MySQLi\Connection->execute('UPDATE `kecamatan` SET `kode_kecamatan` = \'30201\', `id_kabupaten` = \'1\', `nama_kecamatan` = \'LUMBIR\', `jumlah_penduduk` = \'50546\', `luas_wilayah` = \'10266.00\'
WHERE `kecamatan`.`kode_kecamatan` IN (\'30200\')')
 3 SYSTEMPATH\Database\BaseConnection.php(636): CodeIgniter\Database\BaseConnection->simpleQuery('UPDATE `kecamatan` SET `kode_kecamatan` = \'30201\', `id_kabupaten` = \'1\', `nama_kecamatan` = \'LUMBIR\', `jumlah_penduduk` = \'50546\', `luas_wilayah` = \'10266.00\'
WHERE `kecamatan`.`kode_kecamatan` IN (\'30200\')')
 4 SYSTEMPATH\Database\BaseBuilder.php(2497): CodeIgniter\Database\BaseConnection->query('UPDATE `kecamatan` SET `kode_kecamatan` = :kode_kecamatan:, `id_kabupaten` = :id_kabupaten:, `nama_kecamatan` = :nama_kecamatan:, `jumlah_penduduk` = :jumlah_penduduk:, `luas_wilayah` = :luas_wilayah:
WHERE `kecamatan`.`kode_kecamatan` IN :kecamatan.kode_kecamatan:', [...], false)
 5 SYSTEMPATH\Model.php(450): CodeIgniter\Database\BaseBuilder->update()
 6 SYSTEMPATH\BaseModel.php(1028): CodeIgniter\Model->doUpdate([...], [...])
 7 SYSTEMPATH\Model.php(854): CodeIgniter\BaseModel->update([...], [...])
 8 APPPATH\Controllers\Kecamatan.php(96): CodeIgniter\Model->update('30200', [...])
 9 SYSTEMPATH\CodeIgniter.php(933): App\Controllers\Kecamatan->update()
10 SYSTEMPATH\CodeIgniter.php(509): CodeIgniter\CodeIgniter->runController(Object(App\Controllers\Kecamatan))
11 SYSTEMPATH\CodeIgniter.php(355): CodeIgniter\CodeIgniter->handleRequest(null, Object(Config\Cache), false)
12 SYSTEMPATH\Boot.php(312): CodeIgniter\CodeIgniter->run()
13 SYSTEMPATH\Boot.php(67): CodeIgniter\Boot::runCodeIgniter(Object(CodeIgniter\CodeIgniter))
14 FCPATH\index.php(56): CodeIgniter\Boot::bootWeb(Object(Config\Paths))
ERROR - 2024-06-14 12:57:29 --> mysqli_sql_exception: Cannot delete or update a parent row: a foreign key constraint fails (`sigkab`.`sekolah`, CONSTRAINT `sekolah_ibfk_1` FOREIGN KEY (`kode_kecamatan`) REFERENCES `kecamatan` (`kode_kecamatan`)) in C:\xampp\htdocs\sigkab\system\Database\MySQLi\Connection.php:308
Stack trace:
#0 C:\xampp\htdocs\sigkab\system\Database\MySQLi\Connection.php(308): mysqli->query('DELETE FROM `ke...', 0)
#1 C:\xampp\htdocs\sigkab\system\Database\BaseConnection.php(722): CodeIgniter\Database\MySQLi\Connection->execute('DELETE FROM `ke...')
#2 C:\xampp\htdocs\sigkab\system\Database\BaseConnection.php(636): CodeIgniter\Database\BaseConnection->simpleQuery('DELETE FROM `ke...')
#3 C:\xampp\htdocs\sigkab\system\Database\BaseBuilder.php(2823): CodeIgniter\Database\BaseConnection->query('DELETE FROM `ke...', Array, false)
#4 C:\xampp\htdocs\sigkab\system\Model.php(510): CodeIgniter\Database\BaseBuilder->delete()
#5 C:\xampp\htdocs\sigkab\system\BaseModel.php(1158): CodeIgniter\Model->doDelete(Array, false)
#6 C:\xampp\htdocs\sigkab\app\Controllers\Kecamatan.php(112): CodeIgniter\BaseModel->delete(Array)
#7 C:\xampp\htdocs\sigkab\system\CodeIgniter.php(933): App\Controllers\Kecamatan->hapus('30200')
#8 C:\xampp\htdocs\sigkab\system\CodeIgniter.php(509): CodeIgniter\CodeIgniter->runController(Object(App\Controllers\Kecamatan))
#9 C:\xampp\htdocs\sigkab\system\CodeIgniter.php(355): CodeIgniter\CodeIgniter->handleRequest(NULL, Object(Config\Cache), false)
#10 C:\xampp\htdocs\sigkab\system\Boot.php(312): CodeIgniter\CodeIgniter->run()
#11 C:\xampp\htdocs\sigkab\system\Boot.php(67): CodeIgniter\Boot::runCodeIgniter(Object(CodeIgniter\CodeIgniter))
#12 C:\xampp\htdocs\sigkab\index.php(56): CodeIgniter\Boot::bootWeb(Object(Config\Paths))
#13 {main}
CRITICAL - 2024-06-14 12:57:29 --> CodeIgniter\Database\Exceptions\DatabaseException: Cannot delete or update a parent row: a foreign key constraint fails (`sigkab`.`sekolah`, CONSTRAINT `sekolah_ibfk_1` FOREIGN KEY (`kode_kecamatan`) REFERENCES `kecamatan` (`kode_kecamatan`))
[Method: GET, Route: hapuskecamatan/30200]
in SYSTEMPATH\Database\BaseConnection.php on line 676.
 1 SYSTEMPATH\Database\BaseBuilder.php(2823): CodeIgniter\Database\BaseConnection->query('DELETE FROM `kecamatan`
WHERE `kode_kecamatan` IN :kode_kecamatan:', [...], false)
 2 SYSTEMPATH\Model.php(510): CodeIgniter\Database\BaseBuilder->delete()
 3 SYSTEMPATH\BaseModel.php(1158): CodeIgniter\Model->doDelete([...], false)
 4 APPPATH\Controllers\Kecamatan.php(112): CodeIgniter\BaseModel->delete([...])
 5 SYSTEMPATH\CodeIgniter.php(933): App\Controllers\Kecamatan->hapus('30200')
 6 SYSTEMPATH\CodeIgniter.php(509): CodeIgniter\CodeIgniter->runController(Object(App\Controllers\Kecamatan))
 7 SYSTEMPATH\CodeIgniter.php(355): CodeIgniter\CodeIgniter->handleRequest(null, Object(Config\Cache), false)
 8 SYSTEMPATH\Boot.php(312): CodeIgniter\CodeIgniter->run()
 9 SYSTEMPATH\Boot.php(67): CodeIgniter\Boot::runCodeIgniter(Object(CodeIgniter\CodeIgniter))
10 FCPATH\index.php(56): CodeIgniter\Boot::bootWeb(Object(Config\Paths))
CRITICAL - 2024-06-14 12:57:29 --> [Caused by] CodeIgniter\Database\Exceptions\DatabaseException: Cannot delete or update a parent row: a foreign key constraint fails (`sigkab`.`sekolah`, CONSTRAINT `sekolah_ibfk_1` FOREIGN KEY (`kode_kecamatan`) REFERENCES `kecamatan` (`kode_kecamatan`))
in SYSTEMPATH\Database\MySQLi\Connection.php on line 313.
 1 SYSTEMPATH\Database\BaseConnection.php(722): CodeIgniter\Database\MySQLi\Connection->execute('DELETE FROM `kecamatan`
WHERE `kode_kecamatan` IN (\'30200\')')
 2 SYSTEMPATH\Database\BaseConnection.php(636): CodeIgniter\Database\BaseConnection->simpleQuery('DELETE FROM `kecamatan`
WHERE `kode_kecamatan` IN (\'30200\')')
 3 SYSTEMPATH\Database\BaseBuilder.php(2823): CodeIgniter\Database\BaseConnection->query('DELETE FROM `kecamatan`
WHERE `kode_kecamatan` IN :kode_kecamatan:', [...], false)
 4 SYSTEMPATH\Model.php(510): CodeIgniter\Database\BaseBuilder->delete()
 5 SYSTEMPATH\BaseModel.php(1158): CodeIgniter\Model->doDelete([...], false)
 6 APPPATH\Controllers\Kecamatan.php(112): CodeIgniter\BaseModel->delete([...])
 7 SYSTEMPATH\CodeIgniter.php(933): App\Controllers\Kecamatan->hapus('30200')
 8 SYSTEMPATH\CodeIgniter.php(509): CodeIgniter\CodeIgniter->runController(Object(App\Controllers\Kecamatan))
 9 SYSTEMPATH\CodeIgniter.php(355): CodeIgniter\CodeIgniter->handleRequest(null, Object(Config\Cache), false)
10 SYSTEMPATH\Boot.php(312): CodeIgniter\CodeIgniter->run()
11 SYSTEMPATH\Boot.php(67): CodeIgniter\Boot::runCodeIgniter(Object(CodeIgniter\CodeIgniter))
12 FCPATH\index.php(56): CodeIgniter\Boot::bootWeb(Object(Config\Paths))
CRITICAL - 2024-06-14 12:57:29 --> [Caused by] mysqli_sql_exception: Cannot delete or update a parent row: a foreign key constraint fails (`sigkab`.`sekolah`, CONSTRAINT `sekolah_ibfk_1` FOREIGN KEY (`kode_kecamatan`) REFERENCES `kecamatan` (`kode_kecamatan`))
in SYSTEMPATH\Database\MySQLi\Connection.php on line 308.
 1 SYSTEMPATH\Database\MySQLi\Connection.php(308): mysqli->query('DELETE FROM `kecamatan`
WHERE `kode_kecamatan` IN (\'30200\')', 0)
 2 SYSTEMPATH\Database\BaseConnection.php(722): CodeIgniter\Database\MySQLi\Connection->execute('DELETE FROM `kecamatan`
WHERE `kode_kecamatan` IN (\'30200\')')
 3 SYSTEMPATH\Database\BaseConnection.php(636): CodeIgniter\Database\BaseConnection->simpleQuery('DELETE FROM `kecamatan`
WHERE `kode_kecamatan` IN (\'30200\')')
 4 SYSTEMPATH\Database\BaseBuilder.php(2823): CodeIgniter\Database\BaseConnection->query('DELETE FROM `kecamatan`
WHERE `kode_kecamatan` IN :kode_kecamatan:', [...], false)
 5 SYSTEMPATH\Model.php(510): CodeIgniter\Database\BaseBuilder->delete()
 6 SYSTEMPATH\BaseModel.php(1158): CodeIgniter\Model->doDelete([...], false)
 7 APPPATH\Controllers\Kecamatan.php(112): CodeIgniter\BaseModel->delete([...])
 8 SYSTEMPATH\CodeIgniter.php(933): App\Controllers\Kecamatan->hapus('30200')
 9 SYSTEMPATH\CodeIgniter.php(509): CodeIgniter\CodeIgniter->runController(Object(App\Controllers\Kecamatan))
10 SYSTEMPATH\CodeIgniter.php(355): CodeIgniter\CodeIgniter->handleRequest(null, Object(Config\Cache), false)
11 SYSTEMPATH\Boot.php(312): CodeIgniter\CodeIgniter->run()
12 SYSTEMPATH\Boot.php(67): CodeIgniter\Boot::runCodeIgniter(Object(CodeIgniter\CodeIgniter))
13 FCPATH\index.php(56): CodeIgniter\Boot::bootWeb(Object(Config\Paths))
ERROR - 2024-06-14 12:57:36 --> mysqli_sql_exception: Cannot delete or update a parent row: a foreign key constraint fails (`sigkab`.`sekolah`, CONSTRAINT `sekolah_ibfk_1` FOREIGN KEY (`kode_kecamatan`) REFERENCES `kecamatan` (`kode_kecamatan`)) in C:\xampp\htdocs\sigkab\system\Database\MySQLi\Connection.php:308
Stack trace:
#0 C:\xampp\htdocs\sigkab\system\Database\MySQLi\Connection.php(308): mysqli->query('DELETE FROM `ke...', 0)
#1 C:\xampp\htdocs\sigkab\system\Database\BaseConnection.php(722): CodeIgniter\Database\MySQLi\Connection->execute('DELETE FROM `ke...')
#2 C:\xampp\htdocs\sigkab\system\Database\BaseConnection.php(636): CodeIgniter\Database\BaseConnection->simpleQuery('DELETE FROM `ke...')
#3 C:\xampp\htdocs\sigkab\system\Database\BaseBuilder.php(2823): CodeIgniter\Database\BaseConnection->query('DELETE FROM `ke...', Array, false)
#4 C:\xampp\htdocs\sigkab\system\Model.php(510): CodeIgniter\Database\BaseBuilder->delete()
#5 C:\xampp\htdocs\sigkab\system\BaseModel.php(1158): CodeIgniter\Model->doDelete(Array, false)
#6 C:\xampp\htdocs\sigkab\app\Controllers\Kecamatan.php(112): CodeIgniter\BaseModel->delete(Array)
#7 C:\xampp\htdocs\sigkab\system\CodeIgniter.php(933): App\Controllers\Kecamatan->hapus('30200')
#8 C:\xampp\htdocs\sigkab\system\CodeIgniter.php(509): CodeIgniter\CodeIgniter->runController(Object(App\Controllers\Kecamatan))
#9 C:\xampp\htdocs\sigkab\system\CodeIgniter.php(355): CodeIgniter\CodeIgniter->handleRequest(NULL, Object(Config\Cache), false)
#10 C:\xampp\htdocs\sigkab\system\Boot.php(312): CodeIgniter\CodeIgniter->run()
#11 C:\xampp\htdocs\sigkab\system\Boot.php(67): CodeIgniter\Boot::runCodeIgniter(Object(CodeIgniter\CodeIgniter))
#12 C:\xampp\htdocs\sigkab\index.php(56): CodeIgniter\Boot::bootWeb(Object(Config\Paths))
#13 {main}
CRITICAL - 2024-06-14 12:57:36 --> CodeIgniter\Database\Exceptions\DatabaseException: Cannot delete or update a parent row: a foreign key constraint fails (`sigkab`.`sekolah`, CONSTRAINT `sekolah_ibfk_1` FOREIGN KEY (`kode_kecamatan`) REFERENCES `kecamatan` (`kode_kecamatan`))
[Method: GET, Route: hapuskecamatan/30200]
in SYSTEMPATH\Database\BaseConnection.php on line 676.
 1 SYSTEMPATH\Database\BaseBuilder.php(2823): CodeIgniter\Database\BaseConnection->query('DELETE FROM `kecamatan`
WHERE `kode_kecamatan` IN :kode_kecamatan:', [...], false)
 2 SYSTEMPATH\Model.php(510): CodeIgniter\Database\BaseBuilder->delete()
 3 SYSTEMPATH\BaseModel.php(1158): CodeIgniter\Model->doDelete([...], false)
 4 APPPATH\Controllers\Kecamatan.php(112): CodeIgniter\BaseModel->delete([...])
 5 SYSTEMPATH\CodeIgniter.php(933): App\Controllers\Kecamatan->hapus('30200')
 6 SYSTEMPATH\CodeIgniter.php(509): CodeIgniter\CodeIgniter->runController(Object(App\Controllers\Kecamatan))
 7 SYSTEMPATH\CodeIgniter.php(355): CodeIgniter\CodeIgniter->handleRequest(null, Object(Config\Cache), false)
 8 SYSTEMPATH\Boot.php(312): CodeIgniter\CodeIgniter->run()
 9 SYSTEMPATH\Boot.php(67): CodeIgniter\Boot::runCodeIgniter(Object(CodeIgniter\CodeIgniter))
10 FCPATH\index.php(56): CodeIgniter\Boot::bootWeb(Object(Config\Paths))
CRITICAL - 2024-06-14 12:57:36 --> [Caused by] CodeIgniter\Database\Exceptions\DatabaseException: Cannot delete or update a parent row: a foreign key constraint fails (`sigkab`.`sekolah`, CONSTRAINT `sekolah_ibfk_1` FOREIGN KEY (`kode_kecamatan`) REFERENCES `kecamatan` (`kode_kecamatan`))
in SYSTEMPATH\Database\MySQLi\Connection.php on line 313.
 1 SYSTEMPATH\Database\BaseConnection.php(722): CodeIgniter\Database\MySQLi\Connection->execute('DELETE FROM `kecamatan`
WHERE `kode_kecamatan` IN (\'30200\')')
 2 SYSTEMPATH\Database\BaseConnection.php(636): CodeIgniter\Database\BaseConnection->simpleQuery('DELETE FROM `kecamatan`
WHERE `kode_kecamatan` IN (\'30200\')')
 3 SYSTEMPATH\Database\BaseBuilder.php(2823): CodeIgniter\Database\BaseConnection->query('DELETE FROM `kecamatan`
WHERE `kode_kecamatan` IN :kode_kecamatan:', [...], false)
 4 SYSTEMPATH\Model.php(510): CodeIgniter\Database\BaseBuilder->delete()
 5 SYSTEMPATH\BaseModel.php(1158): CodeIgniter\Model->doDelete([...], false)
 6 APPPATH\Controllers\Kecamatan.php(112): CodeIgniter\BaseModel->delete([...])
 7 SYSTEMPATH\CodeIgniter.php(933): App\Controllers\Kecamatan->hapus('30200')
 8 SYSTEMPATH\CodeIgniter.php(509): CodeIgniter\CodeIgniter->runController(Object(App\Controllers\Kecamatan))
 9 SYSTEMPATH\CodeIgniter.php(355): CodeIgniter\CodeIgniter->handleRequest(null, Object(Config\Cache), false)
10 SYSTEMPATH\Boot.php(312): CodeIgniter\CodeIgniter->run()
11 SYSTEMPATH\Boot.php(67): CodeIgniter\Boot::runCodeIgniter(Object(CodeIgniter\CodeIgniter))
12 FCPATH\index.php(56): CodeIgniter\Boot::bootWeb(Object(Config\Paths))
CRITICAL - 2024-06-14 12:57:36 --> [Caused by] mysqli_sql_exception: Cannot delete or update a parent row: a foreign key constraint fails (`sigkab`.`sekolah`, CONSTRAINT `sekolah_ibfk_1` FOREIGN KEY (`kode_kecamatan`) REFERENCES `kecamatan` (`kode_kecamatan`))
in SYSTEMPATH\Database\MySQLi\Connection.php on line 308.
 1 SYSTEMPATH\Database\MySQLi\Connection.php(308): mysqli->query('DELETE FROM `kecamatan`
WHERE `kode_kecamatan` IN (\'30200\')', 0)
 2 SYSTEMPATH\Database\BaseConnection.php(722): CodeIgniter\Database\MySQLi\Connection->execute('DELETE FROM `kecamatan`
WHERE `kode_kecamatan` IN (\'30200\')')
 3 SYSTEMPATH\Database\BaseConnection.php(636): CodeIgniter\Database\BaseConnection->simpleQuery('DELETE FROM `kecamatan`
WHERE `kode_kecamatan` IN (\'30200\')')
 4 SYSTEMPATH\Database\BaseBuilder.php(2823): CodeIgniter\Database\BaseConnection->query('DELETE FROM `kecamatan`
WHERE `kode_kecamatan` IN :kode_kecamatan:', [...], false)
 5 SYSTEMPATH\Model.php(510): CodeIgniter\Database\BaseBuilder->delete()
 6 SYSTEMPATH\BaseModel.php(1158): CodeIgniter\Model->doDelete([...], false)
 7 APPPATH\Controllers\Kecamatan.php(112): CodeIgniter\BaseModel->delete([...])
 8 SYSTEMPATH\CodeIgniter.php(933): App\Controllers\Kecamatan->hapus('30200')
 9 SYSTEMPATH\CodeIgniter.php(509): CodeIgniter\CodeIgniter->runController(Object(App\Controllers\Kecamatan))
10 SYSTEMPATH\CodeIgniter.php(355): CodeIgniter\CodeIgniter->handleRequest(null, Object(Config\Cache), false)
11 SYSTEMPATH\Boot.php(312): CodeIgniter\CodeIgniter->run()
12 SYSTEMPATH\Boot.php(67): CodeIgniter\Boot::runCodeIgniter(Object(CodeIgniter\CodeIgniter))
13 FCPATH\index.php(56): CodeIgniter\Boot::bootWeb(Object(Config\Paths))
ERROR - 2024-06-14 13:11:39 --> Error connecting to the database: mysqli_sql_exception: Access denied for user 'root'@'localhost' (using password: YES) in C:\xampp\htdocs\sigkab\system\Database\MySQLi\Connection.php:186
Stack trace:
#0 C:\xampp\htdocs\sigkab\system\Database\MySQLi\Connection.php(186): mysqli->real_connect('localhost', 'root', Object(SensitiveParameterValue), 'sigkab1', 3306, '', 0)
#1 C:\xampp\htdocs\sigkab\system\Database\BaseConnection.php(421): CodeIgniter\Database\MySQLi\Connection->connect(false)
#2 C:\xampp\htdocs\sigkab\system\Database\BaseConnection.php(604): CodeIgniter\Database\BaseConnection->initialize()
#3 C:\xampp\htdocs\sigkab\system\Database\BaseBuilder.php(1629): CodeIgniter\Database\BaseConnection->query('SELECT *\nFROM `...', Array, false)
#4 C:\xampp\htdocs\sigkab\system\Model.php(207): CodeIgniter\Database\BaseBuilder->get()
#5 C:\xampp\htdocs\sigkab\system\BaseModel.php(610): CodeIgniter\Model->doFind(true, 1)
#6 C:\xampp\htdocs\sigkab\app\Controllers\Dashboard.php(13): CodeIgniter\BaseModel->find(1)
#7 C:\xampp\htdocs\sigkab\system\CodeIgniter.php(933): App\Controllers\Dashboard->index()
#8 C:\xampp\htdocs\sigkab\system\CodeIgniter.php(509): CodeIgniter\CodeIgniter->runController(Object(App\Controllers\Dashboard))
#9 C:\xampp\htdocs\sigkab\system\CodeIgniter.php(355): CodeIgniter\CodeIgniter->handleRequest(NULL, Object(Config\Cache), false)
#10 C:\xampp\htdocs\sigkab\system\Boot.php(312): CodeIgniter\CodeIgniter->run()
#11 C:\xampp\htdocs\sigkab\system\Boot.php(67): CodeIgniter\Boot::runCodeIgniter(Object(CodeIgniter\CodeIgniter))
#12 C:\xampp\htdocs\sigkab\index.php(56): CodeIgniter\Boot::bootWeb(Object(Config\Paths))
#13 {main}

Next CodeIgniter\Database\Exceptions\DatabaseException: Access denied for user '****'@'localhost' (using password: YES) in C:\xampp\htdocs\sigkab\system\Database\MySQLi\Connection.php:231
Stack trace:
#0 C:\xampp\htdocs\sigkab\system\Database\BaseConnection.php(421): CodeIgniter\Database\MySQLi\Connection->connect(false)
#1 C:\xampp\htdocs\sigkab\system\Database\BaseConnection.php(604): CodeIgniter\Database\BaseConnection->initialize()
#2 C:\xampp\htdocs\sigkab\system\Database\BaseBuilder.php(1629): CodeIgniter\Database\BaseConnection->query('SELECT *\nFROM `...', Array, false)
#3 C:\xampp\htdocs\sigkab\system\Model.php(207): CodeIgniter\Database\BaseBuilder->get()
#4 C:\xampp\htdocs\sigkab\system\BaseModel.php(610): CodeIgniter\Model->doFind(true, 1)
#5 C:\xampp\htdocs\sigkab\app\Controllers\Dashboard.php(13): CodeIgniter\BaseModel->find(1)
#6 C:\xampp\htdocs\sigkab\system\CodeIgniter.php(933): App\Controllers\Dashboard->index()
#7 C:\xampp\htdocs\sigkab\system\CodeIgniter.php(509): CodeIgniter\CodeIgniter->runController(Object(App\Controllers\Dashboard))
#8 C:\xampp\htdocs\sigkab\system\CodeIgniter.php(355): CodeIgniter\CodeIgniter->handleRequest(NULL, Object(Config\Cache), false)
#9 C:\xampp\htdocs\sigkab\system\Boot.php(312): CodeIgniter\CodeIgniter->run()
#10 C:\xampp\htdocs\sigkab\system\Boot.php(67): CodeIgniter\Boot::runCodeIgniter(Object(CodeIgniter\CodeIgniter))
#11 C:\xampp\htdocs\sigkab\index.php(56): CodeIgniter\Boot::bootWeb(Object(Config\Paths))
#12 {main}
CRITICAL - 2024-06-14 13:11:39 --> CodeIgniter\Database\Exceptions\DatabaseException: Unable to connect to the database.
Main connection [MySQLi]: Access denied for user '****'@'localhost' (using password: YES)
[Method: GET, Route: dashboard]
in SYSTEMPATH\Database\BaseConnection.php on line 457.
 1 SYSTEMPATH\Database\BaseConnection.php(604): CodeIgniter\Database\BaseConnection->initialize()
 2 SYSTEMPATH\Database\BaseBuilder.php(1629): CodeIgniter\Database\BaseConnection->query('SELECT *
FROM `kabupaten`
WHERE `kabupaten`.`id_kabupaten` = :kabupaten.id_kabupaten:', [...], false)
 3 SYSTEMPATH\Model.php(207): CodeIgniter\Database\BaseBuilder->get()
 4 SYSTEMPATH\BaseModel.php(610): CodeIgniter\Model->doFind(true, 1)
 5 APPPATH\Controllers\Dashboard.php(13): CodeIgniter\BaseModel->find(1)
 6 SYSTEMPATH\CodeIgniter.php(933): App\Controllers\Dashboard->index()
 7 SYSTEMPATH\CodeIgniter.php(509): CodeIgniter\CodeIgniter->runController(Object(App\Controllers\Dashboard))
 8 SYSTEMPATH\CodeIgniter.php(355): CodeIgniter\CodeIgniter->handleRequest(null, Object(Config\Cache), false)
 9 SYSTEMPATH\Boot.php(312): CodeIgniter\CodeIgniter->run()
10 SYSTEMPATH\Boot.php(67): CodeIgniter\Boot::runCodeIgniter(Object(CodeIgniter\CodeIgniter))
11 FCPATH\index.php(56): CodeIgniter\Boot::bootWeb(Object(Config\Paths))
ERROR - 2024-06-14 14:02:38 --> mysqli_sql_exception: Cannot add or update a child row: a foreign key constraint fails (`sigkab1`.`kecamatan`, CONSTRAINT `kecamatan_ibfk_2` FOREIGN KEY (`id_kabupaten`) REFERENCES `kabupaten` (`id_kabupaten`) ON DELETE CASCADE ON UPDATE CASCADE) in C:\xampp\htdocs\sigkab\system\Database\MySQLi\Connection.php:308
Stack trace:
#0 C:\xampp\htdocs\sigkab\system\Database\MySQLi\Connection.php(308): mysqli->query('INSERT INTO `ke...', 0)
#1 C:\xampp\htdocs\sigkab\system\Database\BaseConnection.php(722): CodeIgniter\Database\MySQLi\Connection->execute('INSERT INTO `ke...')
#2 C:\xampp\htdocs\sigkab\system\Database\BaseConnection.php(636): CodeIgniter\Database\BaseConnection->simpleQuery('INSERT INTO `ke...')
#3 C:\xampp\htdocs\sigkab\system\Database\BaseBuilder.php(2325): CodeIgniter\Database\BaseConnection->query('INSERT INTO `ke...', Array, false)
#4 C:\xampp\htdocs\sigkab\system\Model.php(383): CodeIgniter\Database\BaseBuilder->insert()
#5 C:\xampp\htdocs\sigkab\system\BaseModel.php(840): CodeIgniter\Model->doInsert(Array)
#6 C:\xampp\htdocs\sigkab\system\Model.php(791): CodeIgniter\BaseModel->insert(Array, true)
#7 C:\xampp\htdocs\sigkab\app\Controllers\Kecamatan.php(63): CodeIgniter\Model->insert(Array)
#8 C:\xampp\htdocs\sigkab\system\CodeIgniter.php(933): App\Controllers\Kecamatan->simpan()
#9 C:\xampp\htdocs\sigkab\system\CodeIgniter.php(509): CodeIgniter\CodeIgniter->runController(Object(App\Controllers\Kecamatan))
#10 C:\xampp\htdocs\sigkab\system\CodeIgniter.php(355): CodeIgniter\CodeIgniter->handleRequest(NULL, Object(Config\Cache), false)
#11 C:\xampp\htdocs\sigkab\system\Boot.php(312): CodeIgniter\CodeIgniter->run()
#12 C:\xampp\htdocs\sigkab\system\Boot.php(67): CodeIgniter\Boot::runCodeIgniter(Object(CodeIgniter\CodeIgniter))
#13 C:\xampp\htdocs\sigkab\index.php(56): CodeIgniter\Boot::bootWeb(Object(Config\Paths))
#14 {main}
CRITICAL - 2024-06-14 14:02:38 --> CodeIgniter\Database\Exceptions\DatabaseException: Cannot add or update a child row: a foreign key constraint fails (`sigkab1`.`kecamatan`, CONSTRAINT `kecamatan_ibfk_2` FOREIGN KEY (`id_kabupaten`) REFERENCES `kabupaten` (`id_kabupaten`) ON DELETE CASCADE ON UPDATE CASCADE)
[Method: POST, Route: simpankecamatan]
in SYSTEMPATH\Database\BaseConnection.php on line 676.
 1 SYSTEMPATH\Database\BaseBuilder.php(2325): CodeIgniter\Database\BaseConnection->query('INSERT INTO `kecamatan` (`kode_kecamatan`, `id_kabupaten`, `nama_kecamatan`, `jumlah_penduduk`, `luas_wilayah`) VALUES (:kode_kecamatan:, :id_kabupaten:, :nama_kecamatan:, :jumlah_penduduk:, :luas_wilayah:)', [...], false)
 2 SYSTEMPATH\Model.php(383): CodeIgniter\Database\BaseBuilder->insert()
 3 SYSTEMPATH\BaseModel.php(840): CodeIgniter\Model->doInsert([...])
 4 SYSTEMPATH\Model.php(791): CodeIgniter\BaseModel->insert([...], true)
 5 APPPATH\Controllers\Kecamatan.php(63): CodeIgniter\Model->insert([...])
 6 SYSTEMPATH\CodeIgniter.php(933): App\Controllers\Kecamatan->simpan()
 7 SYSTEMPATH\CodeIgniter.php(509): CodeIgniter\CodeIgniter->runController(Object(App\Controllers\Kecamatan))
 8 SYSTEMPATH\CodeIgniter.php(355): CodeIgniter\CodeIgniter->handleRequest(null, Object(Config\Cache), false)
 9 SYSTEMPATH\Boot.php(312): CodeIgniter\CodeIgniter->run()
10 SYSTEMPATH\Boot.php(67): CodeIgniter\Boot::runCodeIgniter(Object(CodeIgniter\CodeIgniter))
11 FCPATH\index.php(56): CodeIgniter\Boot::bootWeb(Object(Config\Paths))
CRITICAL - 2024-06-14 14:02:38 --> [Caused by] CodeIgniter\Database\Exceptions\DatabaseException: Cannot add or update a child row: a foreign key constraint fails (`sigkab1`.`kecamatan`, CONSTRAINT `kecamatan_ibfk_2` FOREIGN KEY (`id_kabupaten`) REFERENCES `kabupaten` (`id_kabupaten`) ON DELETE CASCADE ON UPDATE CASCADE)
in SYSTEMPATH\Database\MySQLi\Connection.php on line 313.
 1 SYSTEMPATH\Database\BaseConnection.php(722): CodeIgniter\Database\MySQLi\Connection->execute('INSERT INTO `kecamatan` (`kode_kecamatan`, `id_kabupaten`, `nama_kecamatan`, `jumlah_penduduk`, `luas_wilayah`) VALUES (\'3302090\', \'\', \'SOMAGEDE\', \'38230\', \'40\')')
 2 SYSTEMPATH\Database\BaseConnection.php(636): CodeIgniter\Database\BaseConnection->simpleQuery('INSERT INTO `kecamatan` (`kode_kecamatan`, `id_kabupaten`, `nama_kecamatan`, `jumlah_penduduk`, `luas_wilayah`) VALUES (\'3302090\', \'\', \'SOMAGEDE\', \'38230\', \'40\')')
 3 SYSTEMPATH\Database\BaseBuilder.php(2325): CodeIgniter\Database\BaseConnection->query('INSERT INTO `kecamatan` (`kode_kecamatan`, `id_kabupaten`, `nama_kecamatan`, `jumlah_penduduk`, `luas_wilayah`) VALUES (:kode_kecamatan:, :id_kabupaten:, :nama_kecamatan:, :jumlah_penduduk:, :luas_wilayah:)', [...], false)
 4 SYSTEMPATH\Model.php(383): CodeIgniter\Database\BaseBuilder->insert()
 5 SYSTEMPATH\BaseModel.php(840): CodeIgniter\Model->doInsert([...])
 6 SYSTEMPATH\Model.php(791): CodeIgniter\BaseModel->insert([...], true)
 7 APPPATH\Controllers\Kecamatan.php(63): CodeIgniter\Model->insert([...])
 8 SYSTEMPATH\CodeIgniter.php(933): App\Controllers\Kecamatan->simpan()
 9 SYSTEMPATH\CodeIgniter.php(509): CodeIgniter\CodeIgniter->runController(Object(App\Controllers\Kecamatan))
10 SYSTEMPATH\CodeIgniter.php(355): CodeIgniter\CodeIgniter->handleRequest(null, Object(Config\Cache), false)
11 SYSTEMPATH\Boot.php(312): CodeIgniter\CodeIgniter->run()
12 SYSTEMPATH\Boot.php(67): CodeIgniter\Boot::runCodeIgniter(Object(CodeIgniter\CodeIgniter))
13 FCPATH\index.php(56): CodeIgniter\Boot::bootWeb(Object(Config\Paths))
CRITICAL - 2024-06-14 14:02:38 --> [Caused by] mysqli_sql_exception: Cannot add or update a child row: a foreign key constraint fails (`sigkab1`.`kecamatan`, CONSTRAINT `kecamatan_ibfk_2` FOREIGN KEY (`id_kabupaten`) REFERENCES `kabupaten` (`id_kabupaten`) ON DELETE CASCADE ON UPDATE CASCADE)
in SYSTEMPATH\Database\MySQLi\Connection.php on line 308.
 1 SYSTEMPATH\Database\MySQLi\Connection.php(308): mysqli->query('INSERT INTO `kecamatan` (`kode_kecamatan`, `id_kabupaten`, `nama_kecamatan`, `jumlah_penduduk`, `luas_wilayah`) VALUES (\'3302090\', \'\', \'SOMAGEDE\', \'38230\', \'40\')', 0)
 2 SYSTEMPATH\Database\BaseConnection.php(722): CodeIgniter\Database\MySQLi\Connection->execute('INSERT INTO `kecamatan` (`kode_kecamatan`, `id_kabupaten`, `nama_kecamatan`, `jumlah_penduduk`, `luas_wilayah`) VALUES (\'3302090\', \'\', \'SOMAGEDE\', \'38230\', \'40\')')
 3 SYSTEMPATH\Database\BaseConnection.php(636): CodeIgniter\Database\BaseConnection->simpleQuery('INSERT INTO `kecamatan` (`kode_kecamatan`, `id_kabupaten`, `nama_kecamatan`, `jumlah_penduduk`, `luas_wilayah`) VALUES (\'3302090\', \'\', \'SOMAGEDE\', \'38230\', \'40\')')
 4 SYSTEMPATH\Database\BaseBuilder.php(2325): CodeIgniter\Database\BaseConnection->query('INSERT INTO `kecamatan` (`kode_kecamatan`, `id_kabupaten`, `nama_kecamatan`, `jumlah_penduduk`, `luas_wilayah`) VALUES (:kode_kecamatan:, :id_kabupaten:, :nama_kecamatan:, :jumlah_penduduk:, :luas_wilayah:)', [...], false)
 5 SYSTEMPATH\Model.php(383): CodeIgniter\Database\BaseBuilder->insert()
 6 SYSTEMPATH\BaseModel.php(840): CodeIgniter\Model->doInsert([...])
 7 SYSTEMPATH\Model.php(791): CodeIgniter\BaseModel->insert([...], true)
 8 APPPATH\Controllers\Kecamatan.php(63): CodeIgniter\Model->insert([...])
 9 SYSTEMPATH\CodeIgniter.php(933): App\Controllers\Kecamatan->simpan()
10 SYSTEMPATH\CodeIgniter.php(509): CodeIgniter\CodeIgniter->runController(Object(App\Controllers\Kecamatan))
11 SYSTEMPATH\CodeIgniter.php(355): CodeIgniter\CodeIgniter->handleRequest(null, Object(Config\Cache), false)
12 SYSTEMPATH\Boot.php(312): CodeIgniter\CodeIgniter->run()
13 SYSTEMPATH\Boot.php(67): CodeIgniter\Boot::runCodeIgniter(Object(CodeIgniter\CodeIgniter))
14 FCPATH\index.php(56): CodeIgniter\Boot::bootWeb(Object(Config\Paths))
ERROR - 2024-06-14 14:15:20 --> mysqli_sql_exception: Duplicate entry '3302210' for key 'PRIMARY' in C:\xampp\htdocs\sigkab\system\Database\MySQLi\Connection.php:308
Stack trace:
#0 C:\xampp\htdocs\sigkab\system\Database\MySQLi\Connection.php(308): mysqli->query('INSERT INTO `ke...', 0)
#1 C:\xampp\htdocs\sigkab\system\Database\BaseConnection.php(722): CodeIgniter\Database\MySQLi\Connection->execute('INSERT INTO `ke...')
#2 C:\xampp\htdocs\sigkab\system\Database\BaseConnection.php(636): CodeIgniter\Database\BaseConnection->simpleQuery('INSERT INTO `ke...')
#3 C:\xampp\htdocs\sigkab\system\Database\BaseBuilder.php(2325): CodeIgniter\Database\BaseConnection->query('INSERT INTO `ke...', Array, false)
#4 C:\xampp\htdocs\sigkab\system\Model.php(383): CodeIgniter\Database\BaseBuilder->insert()
#5 C:\xampp\htdocs\sigkab\system\BaseModel.php(840): CodeIgniter\Model->doInsert(Array)
#6 C:\xampp\htdocs\sigkab\system\Model.php(791): CodeIgniter\BaseModel->insert(Array, true)
#7 C:\xampp\htdocs\sigkab\app\Controllers\Kecamatan.php(63): CodeIgniter\Model->insert(Array)
#8 C:\xampp\htdocs\sigkab\system\CodeIgniter.php(933): App\Controllers\Kecamatan->simpan()
#9 C:\xampp\htdocs\sigkab\system\CodeIgniter.php(509): CodeIgniter\CodeIgniter->runController(Object(App\Controllers\Kecamatan))
#10 C:\xampp\htdocs\sigkab\system\CodeIgniter.php(355): CodeIgniter\CodeIgniter->handleRequest(NULL, Object(Config\Cache), false)
#11 C:\xampp\htdocs\sigkab\system\Boot.php(312): CodeIgniter\CodeIgniter->run()
#12 C:\xampp\htdocs\sigkab\system\Boot.php(67): CodeIgniter\Boot::runCodeIgniter(Object(CodeIgniter\CodeIgniter))
#13 C:\xampp\htdocs\sigkab\index.php(56): CodeIgniter\Boot::bootWeb(Object(Config\Paths))
#14 {main}
CRITICAL - 2024-06-14 14:15:20 --> CodeIgniter\Database\Exceptions\DatabaseException: Duplicate entry '3302210' for key 'PRIMARY'
[Method: POST, Route: simpankecamatan]
in SYSTEMPATH\Database\BaseConnection.php on line 676.
 1 SYSTEMPATH\Database\BaseBuilder.php(2325): CodeIgniter\Database\BaseConnection->query('INSERT INTO `kecamatan` (`kode_kecamatan`, `id_kabupaten`, `nama_kecamatan`, `jumlah_penduduk`, `luas_wilayah`) VALUES (:kode_kecamatan:, :id_kabupaten:, :nama_kecamatan:, :jumlah_penduduk:, :luas_wilayah:)', [...], false)
 2 SYSTEMPATH\Model.php(383): CodeIgniter\Database\BaseBuilder->insert()
 3 SYSTEMPATH\BaseModel.php(840): CodeIgniter\Model->doInsert([...])
 4 SYSTEMPATH\Model.php(791): CodeIgniter\BaseModel->insert([...], true)
 5 APPPATH\Controllers\Kecamatan.php(63): CodeIgniter\Model->insert([...])
 6 SYSTEMPATH\CodeIgniter.php(933): App\Controllers\Kecamatan->simpan()
 7 SYSTEMPATH\CodeIgniter.php(509): CodeIgniter\CodeIgniter->runController(Object(App\Controllers\Kecamatan))
 8 SYSTEMPATH\CodeIgniter.php(355): CodeIgniter\CodeIgniter->handleRequest(null, Object(Config\Cache), false)
 9 SYSTEMPATH\Boot.php(312): CodeIgniter\CodeIgniter->run()
10 SYSTEMPATH\Boot.php(67): CodeIgniter\Boot::runCodeIgniter(Object(CodeIgniter\CodeIgniter))
11 FCPATH\index.php(56): CodeIgniter\Boot::bootWeb(Object(Config\Paths))
CRITICAL - 2024-06-14 14:15:20 --> [Caused by] CodeIgniter\Database\Exceptions\DatabaseException: Duplicate entry '3302210' for key 'PRIMARY'
in SYSTEMPATH\Database\MySQLi\Connection.php on line 313.
 1 SYSTEMPATH\Database\BaseConnection.php(722): CodeIgniter\Database\MySQLi\Connection->execute('INSERT INTO `kecamatan` (`kode_kecamatan`, `id_kabupaten`, `nama_kecamatan`, `jumlah_penduduk`, `luas_wilayah`) VALUES (\'3302210\', \'1\', \'SUMBANG\', \'95916\', \'53\')')
 2 SYSTEMPATH\Database\BaseConnection.php(636): CodeIgniter\Database\BaseConnection->simpleQuery('INSERT INTO `kecamatan` (`kode_kecamatan`, `id_kabupaten`, `nama_kecamatan`, `jumlah_penduduk`, `luas_wilayah`) VALUES (\'3302210\', \'1\', \'SUMBANG\', \'95916\', \'53\')')
 3 SYSTEMPATH\Database\BaseBuilder.php(2325): CodeIgniter\Database\BaseConnection->query('INSERT INTO `kecamatan` (`kode_kecamatan`, `id_kabupaten`, `nama_kecamatan`, `jumlah_penduduk`, `luas_wilayah`) VALUES (:kode_kecamatan:, :id_kabupaten:, :nama_kecamatan:, :jumlah_penduduk:, :luas_wilayah:)', [...], false)
 4 SYSTEMPATH\Model.php(383): CodeIgniter\Database\BaseBuilder->insert()
 5 SYSTEMPATH\BaseModel.php(840): CodeIgniter\Model->doInsert([...])
 6 SYSTEMPATH\Model.php(791): CodeIgniter\BaseModel->insert([...], true)
 7 APPPATH\Controllers\Kecamatan.php(63): CodeIgniter\Model->insert([...])
 8 SYSTEMPATH\CodeIgniter.php(933): App\Controllers\Kecamatan->simpan()
 9 SYSTEMPATH\CodeIgniter.php(509): CodeIgniter\CodeIgniter->runController(Object(App\Controllers\Kecamatan))
10 SYSTEMPATH\CodeIgniter.php(355): CodeIgniter\CodeIgniter->handleRequest(null, Object(Config\Cache), false)
11 SYSTEMPATH\Boot.php(312): CodeIgniter\CodeIgniter->run()
12 SYSTEMPATH\Boot.php(67): CodeIgniter\Boot::runCodeIgniter(Object(CodeIgniter\CodeIgniter))
13 FCPATH\index.php(56): CodeIgniter\Boot::bootWeb(Object(Config\Paths))
CRITICAL - 2024-06-14 14:15:20 --> [Caused by] mysqli_sql_exception: Duplicate entry '3302210' for key 'PRIMARY'
in SYSTEMPATH\Database\MySQLi\Connection.php on line 308.
 1 SYSTEMPATH\Database\MySQLi\Connection.php(308): mysqli->query('INSERT INTO `kecamatan` (`kode_kecamatan`, `id_kabupaten`, `nama_kecamatan`, `jumlah_penduduk`, `luas_wilayah`) VALUES (\'3302210\', \'1\', \'SUMBANG\', \'95916\', \'53\')', 0)
 2 SYSTEMPATH\Database\BaseConnection.php(722): CodeIgniter\Database\MySQLi\Connection->execute('INSERT INTO `kecamatan` (`kode_kecamatan`, `id_kabupaten`, `nama_kecamatan`, `jumlah_penduduk`, `luas_wilayah`) VALUES (\'3302210\', \'1\', \'SUMBANG\', \'95916\', \'53\')')
 3 SYSTEMPATH\Database\BaseConnection.php(636): CodeIgniter\Database\BaseConnection->simpleQuery('INSERT INTO `kecamatan` (`kode_kecamatan`, `id_kabupaten`, `nama_kecamatan`, `jumlah_penduduk`, `luas_wilayah`) VALUES (\'3302210\', \'1\', \'SUMBANG\', \'95916\', \'53\')')
 4 SYSTEMPATH\Database\BaseBuilder.php(2325): CodeIgniter\Database\BaseConnection->query('INSERT INTO `kecamatan` (`kode_kecamatan`, `id_kabupaten`, `nama_kecamatan`, `jumlah_penduduk`, `luas_wilayah`) VALUES (:kode_kecamatan:, :id_kabupaten:, :nama_kecamatan:, :jumlah_penduduk:, :luas_wilayah:)', [...], false)
 5 SYSTEMPATH\Model.php(383): CodeIgniter\Database\BaseBuilder->insert()
 6 SYSTEMPATH\BaseModel.php(840): CodeIgniter\Model->doInsert([...])
 7 SYSTEMPATH\Model.php(791): CodeIgniter\BaseModel->insert([...], true)
 8 APPPATH\Controllers\Kecamatan.php(63): CodeIgniter\Model->insert([...])
 9 SYSTEMPATH\CodeIgniter.php(933): App\Controllers\Kecamatan->simpan()
10 SYSTEMPATH\CodeIgniter.php(509): CodeIgniter\CodeIgniter->runController(Object(App\Controllers\Kecamatan))
11 SYSTEMPATH\CodeIgniter.php(355): CodeIgniter\CodeIgniter->handleRequest(null, Object(Config\Cache), false)
12 SYSTEMPATH\Boot.php(312): CodeIgniter\CodeIgniter->run()
13 SYSTEMPATH\Boot.php(67): CodeIgniter\Boot::runCodeIgniter(Object(CodeIgniter\CodeIgniter))
14 FCPATH\index.php(56): CodeIgniter\Boot::bootWeb(Object(Config\Paths))
